0 info it worked if it ends with ok
1 verbose cli [ 'C:\\Program Files\\nodejs\\\\node.exe',
1 verbose cli   'C:\\Program Files\\nodejs\\node_modules\\npm\\bin\\npm-cli.js',
1 verbose cli   'install' ]
2 info using npm@1.4.23
3 info using node@v0.10.31
4 verbose node symlink C:\Program Files\nodejs\\node.exe
5 warn package.json bae-nodejs@1.0.0 No description
6 warn package.json bae-nodejs@1.0.0 No repository field.
7 verbose readDependencies using package.json deps
8 verbose install where, deps [ 'C:\\Users\\wejend\\AppData\\Roaming\\HBuilder\\userprofiles\\jiangwei_163@163.com\\waterbear',
8 verbose install   [ 'express',
8 verbose install     'ejs',
8 verbose install     'jade',
8 verbose install     'cheerio',
8 verbose install     'request',
8 verbose install     'async',
8 verbose install     'bufferhelper',
8 verbose install     'iconv-lite',
8 verbose install     'mongodb' ] ]
9 info preinstall bae-nodejs@1.0.0
10 verbose readDependencies using package.json deps
11 verbose already installed skipping express@3.4.2 C:\Users\wejend\AppData\Roaming\HBuilder\userprofiles\jiangwei_163@163.com\waterbear
12 verbose already installed skipping ejs@0.8.4 C:\Users\wejend\AppData\Roaming\HBuilder\userprofiles\jiangwei_163@163.com\waterbear
13 verbose already installed skipping jade@0.35.0 C:\Users\wejend\AppData\Roaming\HBuilder\userprofiles\jiangwei_163@163.com\waterbear
14 verbose already installed skipping cheerio@0.16.0 C:\Users\wejend\AppData\Roaming\HBuilder\userprofiles\jiangwei_163@163.com\waterbear
15 verbose already installed skipping request@2.36.0 C:\Users\wejend\AppData\Roaming\HBuilder\userprofiles\jiangwei_163@163.com\waterbear
16 verbose already installed skipping async@* C:\Users\wejend\AppData\Roaming\HBuilder\userprofiles\jiangwei_163@163.com\waterbear
17 verbose already installed skipping bufferhelper@0.2.0 C:\Users\wejend\AppData\Roaming\HBuilder\userprofiles\jiangwei_163@163.com\waterbear
18 verbose already installed skipping iconv-lite@0.4.4 C:\Users\wejend\AppData\Roaming\HBuilder\userprofiles\jiangwei_163@163.com\waterbear
19 verbose cache add [ 'mongodb@1.3.20', null ]
20 verbose cache add name=undefined spec="mongodb@1.3.20" args=["mongodb@1.3.20",null]
21 verbose parsed url { protocol: null,
21 verbose parsed url   slashes: null,
21 verbose parsed url   auth: null,
21 verbose parsed url   host: null,
21 verbose parsed url   port: null,
21 verbose parsed url   hostname: null,
21 verbose parsed url   hash: null,
21 verbose parsed url   search: null,
21 verbose parsed url   query: null,
21 verbose parsed url   pathname: 'mongodb@1.3.20',
21 verbose parsed url   path: 'mongodb@1.3.20',
21 verbose parsed url   href: 'mongodb@1.3.20' }
22 verbose cache add name="mongodb" spec="1.3.20" args=["mongodb","1.3.20"]
23 verbose parsed url { protocol: null,
23 verbose parsed url   slashes: null,
23 verbose parsed url   auth: null,
23 verbose parsed url   host: null,
23 verbose parsed url   port: null,
23 verbose parsed url   hostname: null,
23 verbose parsed url   hash: null,
23 verbose parsed url   search: null,
23 verbose parsed url   query: null,
23 verbose parsed url   pathname: '1.3.20',
23 verbose parsed url   path: '1.3.20',
23 verbose parsed url   href: '1.3.20' }
24 verbose addNamed [ 'mongodb', '1.3.20' ]
25 verbose addNamed [ '1.3.20', '1.3.20' ]
26 silly lockFile 4c241090-mongodb-1-3-20 mongodb@1.3.20
27 verbose lock mongodb@1.3.20 C:\Users\wejend\AppData\Roaming\npm-cache\4c241090-mongodb-1-3-20.lock
28 verbose request where is /mongodb
29 verbose request registry https://registry.npmjs.org/
30 verbose request id f9a9d096600da6ef
31 verbose url raw /mongodb
32 verbose url resolving [ 'https://registry.npmjs.org/', './mongodb' ]
33 verbose url resolved https://registry.npmjs.org/mongodb
34 verbose request where is https://registry.npmjs.org/mongodb
35 info trying registry request attempt 1 at 17:35:22
36 verbose etag "EUBG4MZ42QK887FLZPX2J4PA1"
37 http GET https://registry.npmjs.org/mongodb
38 http 200 https://registry.npmjs.org/mongodb
39 silly registry.get cb [ 200,
39 silly registry.get   { date: 'Sat, 10 Jan 2015 09:35:25 GMT',
39 silly registry.get     server: 'CouchDB/1.5.0 (Erlang OTP/R16B03)',
39 silly registry.get     etag: '"89VYM6BUWBJN7R9E8I3AISFQW"',
39 silly registry.get     'content-type': 'application/json',
39 silly registry.get     'cache-control': 'max-age=60',
39 silly registry.get     'content-length': '405845',
39 silly registry.get     'accept-ranges': 'bytes',
39 silly registry.get     via: '1.1 varnish',
39 silly registry.get     age: '6',
39 silly registry.get     'x-served-by': 'cache-ty67-TYO',
39 silly registry.get     'x-cache': 'HIT',
39 silly registry.get     'x-cache-hits': '2',
39 silly registry.get     'x-timer': 'S1420882525.477848,VS0,VE0',
39 silly registry.get     vary: 'Accept',
39 silly registry.get     'keep-alive': 'timeout=10, max=50',
39 silly registry.get     connection: 'Keep-Alive' } ]
40 silly lockFile 52148a2a-s-org-mongodb-mongodb-1-3-20-tgz https://registry.npmjs.org/mongodb/-/mongodb-1.3.20.tgz
41 verbose lock https://registry.npmjs.org/mongodb/-/mongodb-1.3.20.tgz C:\Users\wejend\AppData\Roaming\npm-cache\52148a2a-s-org-mongodb-mongodb-1-3-20-tgz.lock
42 verbose addRemoteTarball [ 'https://registry.npmjs.org/mongodb/-/mongodb-1.3.20.tgz',
42 verbose addRemoteTarball   'ad5201ed4d523277d492a446c7f17aca021dbd52' ]
43 info retry fetch attempt 1 at 17:35:34
44 verbose fetch to= C:\Users\wejend\AppData\Local\Temp\npm-16984-oSwd4_fT\registry.npmjs.org\mongodb\-\mongodb-1.3.20.tgz
45 http GET https://registry.npmjs.org/mongodb/-/mongodb-1.3.20.tgz
46 http 200 https://registry.npmjs.org/mongodb/-/mongodb-1.3.20.tgz
47 silly lockFile 52148a2a-s-org-mongodb-mongodb-1-3-20-tgz https://registry.npmjs.org/mongodb/-/mongodb-1.3.20.tgz
48 silly lockFile 52148a2a-s-org-mongodb-mongodb-1-3-20-tgz https://registry.npmjs.org/mongodb/-/mongodb-1.3.20.tgz
49 silly lockFile 4c241090-mongodb-1-3-20 mongodb@1.3.20
50 silly lockFile 4c241090-mongodb-1-3-20 mongodb@1.3.20
51 silly resolved [ { name: 'mongodb',
51 silly resolved     description: 'A node.js driver for MongoDB',
51 silly resolved     keywords: [ 'mongodb', 'mongo', 'driver', 'db' ],
51 silly resolved     version: '1.3.20',
51 silly resolved     author: { name: 'Christian Amor Kvalheim', email: 'christkv@gmail.com' },
51 silly resolved     contributors:
51 silly resolved      [ [Object],
51 silly resolved        [Object],
51 silly resolved        [Object],
51 silly resolved        [Object],
51 silly resolved        [Object],
51 silly resolved        [Object],
51 silly resolved        [Object],
51 silly resolved        [Object],
51 silly resolved        [Object],
51 silly resolved        [Object],
51 silly resolved        [Object],
51 silly resolved        [Object],
51 silly resolved        [Object],
51 silly resolved        [Object],
51 silly resolved        [Object],
51 silly resolved        [Object],
51 silly resolved        [Object],
51 silly resolved        [Object],
51 silly resolved        [Object],
51 silly resolved        [Object],
51 silly resolved        [Object],
51 silly resolved        [Object],
51 silly resolved        [Object],
51 silly resolved        [Object],
51 silly resolved        [Object],
51 silly resolved        [Object],
51 silly resolved        [Object],
51 silly resolved        [Object],
51 silly resolved        [Object],
51 silly resolved        [Object],
51 silly resolved        [Object],
51 silly resolved        [Object],
51 silly resolved        [Object],
51 silly resolved        [Object],
51 silly resolved        [Object],
51 silly resolved        [Object],
51 silly resolved        [Object],
51 silly resolved        [Object],
51 silly resolved        [Object],
51 silly resolved        [Object],
51 silly resolved        [Object],
51 silly resolved        [Object],
51 silly resolved        [Object],
51 silly resolved        [Object],
51 silly resolved        [Object],
51 silly resolved        [Object],
51 silly resolved        [Object],
51 silly resolved        [Object],
51 silly resolved        [Object],
51 silly resolved        [Object],
51 silly resolved        [Object],
51 silly resolved        [Object],
51 silly resolved        [Object] ],
51 silly resolved     repository:
51 silly resolved      { type: 'git',
51 silly resolved        url: 'http://github.com/mongodb/node-mongodb-native.git' },
51 silly resolved     bugs: { url: 'http://github.com/mongodb/node-mongodb-native/issues' },
51 silly resolved     dependencies: { bson: '0.2.3', kerberos: '0.0.3' },
51 silly resolved     devDependencies:
51 silly resolved      { dox: '0.4.4',
51 silly resolved        'uglify-js': '1.2.5',
51 silly resolved        ejs: '0.6.1',
51 silly resolved        request: '2.12.0',
51 silly resolved        nodeunit: '0.7.4',
51 silly resolved        markdown: '0.3.1',
51 silly resolved        gleak: '0.2.3',
51 silly resolved        step: '0.0.5',
51 silly resolved        async: '0.1.22',
51 silly resolved        integra: 'latest',
51 silly resolved        optimist: 'latest' },
51 silly resolved     optionalDependencies: { kerberos: '0.0.3' },
51 silly resolved     config: { native: false },
51 silly resolved     main: './lib/mongodb/index',
51 silly resolved     homepage: 'http://mongodb.github.com/node-mongodb-native/',
51 silly resolved     directories: { lib: './lib/mongodb' },
51 silly resolved     engines: { node: '>=0.6.19' },
51 silly resolved     scripts: { test: 'make test_functional' },
51 silly resolved     licenses: [ [Object] ],
51 silly resolved     _id: 'mongodb@1.3.20',
51 silly resolved     dist:
51 silly resolved      { shasum: 'ad5201ed4d523277d492a446c7f17aca021dbd52',
51 silly resolved        tarball: 'http://registry.npmjs.org/mongodb/-/mongodb-1.3.20.tgz' },
51 silly resolved     _from: 'mongodb@1.3.20',
51 silly resolved     _npmVersion: '1.3.5',
51 silly resolved     _npmUser: { name: 'christkv', email: 'christkv@gmail.com' },
51 silly resolved     maintainers: [ [Object] ],
51 silly resolved     _shasum: 'ad5201ed4d523277d492a446c7f17aca021dbd52',
51 silly resolved     _resolved: 'https://registry.npmjs.org/mongodb/-/mongodb-1.3.20.tgz' } ]
52 info install mongodb@1.3.20 into C:\Users\wejend\AppData\Roaming\HBuilder\userprofiles\jiangwei_163@163.com\waterbear
53 info installOne mongodb@1.3.20
54 verbose node_modules\mongodb unbuild
55 verbose tar unpack C:\Users\wejend\AppData\Roaming\npm-cache\mongodb\1.3.20\package.tgz
56 silly lockFile 13183fe7-m-waterbear-node-modules-mongodb tar://C:\Users\wejend\AppData\Roaming\HBuilder\userprofiles\jiangwei_163@163.com\waterbear\node_modules\mongodb
57 verbose lock tar://C:\Users\wejend\AppData\Roaming\HBuilder\userprofiles\jiangwei_163@163.com\waterbear\node_modules\mongodb C:\Users\wejend\AppData\Roaming\npm-cache\13183fe7-m-waterbear-node-modules-mongodb.lock
58 silly lockFile b7bbe4d1-cache-mongodb-1-3-20-package-tgz tar://C:\Users\wejend\AppData\Roaming\npm-cache\mongodb\1.3.20\package.tgz
59 verbose lock tar://C:\Users\wejend\AppData\Roaming\npm-cache\mongodb\1.3.20\package.tgz C:\Users\wejend\AppData\Roaming\npm-cache\b7bbe4d1-cache-mongodb-1-3-20-package-tgz.lock
60 silly gunzTarPerm modes [ '777', '666' ]
61 silly gunzTarPerm extractEntry package.json
62 silly gunzTarPerm modified mode [ 'package.json', 493, 511 ]
63 silly gunzTarPerm extractEntry LICENSE
64 silly gunzTarPerm modified mode [ 'LICENSE', 420, 438 ]
65 silly gunzTarPerm extractEntry index.js
66 silly gunzTarPerm modified mode [ 'index.js', 493, 511 ]
67 silly gunzTarPerm extractEntry t.js
68 silly gunzTarPerm modified mode [ 't.js', 420, 438 ]
69 silly gunzTarPerm extractEntry .travis.yml
70 silly gunzTarPerm modified mode [ '.travis.yml', 420, 438 ]
71 silly gunzTarPerm extractEntry CONTRIBUTING.md
72 silly gunzTarPerm modified mode [ 'CONTRIBUTING.md', 420, 438 ]
73 silly gunzTarPerm extractEntry Makefile
74 silly gunzTarPerm modified mode [ 'Makefile', 420, 438 ]
75 silly gunzTarPerm extractEntry Readme.md
76 silly gunzTarPerm modified mode [ 'Readme.md', 420, 438 ]
77 silly gunzTarPerm extractEntry lib/mongodb/admin.js
78 silly gunzTarPerm modified mode [ 'lib/mongodb/admin.js', 420, 438 ]
79 silly gunzTarPerm extractEntry lib/mongodb/scope.js
80 silly gunzTarPerm modified mode [ 'lib/mongodb/scope.js', 420, 438 ]
81 silly gunzTarPerm extractEntry lib/mongodb/mongo_client.js
82 silly gunzTarPerm modified mode [ 'lib/mongodb/mongo_client.js', 420, 438 ]
83 silly gunzTarPerm extractEntry lib/mongodb/collection.js
84 silly gunzTarPerm modified mode [ 'lib/mongodb/collection.js', 420, 438 ]
85 silly gunzTarPerm extractEntry lib/mongodb/command_cursor.js
86 silly gunzTarPerm modified mode [ 'lib/mongodb/command_cursor.js', 420, 438 ]
87 silly gunzTarPerm extractEntry lib/mongodb/index.js
88 silly gunzTarPerm modified mode [ 'lib/mongodb/index.js', 420, 438 ]
89 silly gunzTarPerm extractEntry lib/mongodb/db.js
90 silly gunzTarPerm modified mode [ 'lib/mongodb/db.js', 420, 438 ]
91 silly gunzTarPerm extractEntry lib/mongodb/aggregation_cursor.js
92 silly gunzTarPerm modified mode [ 'lib/mongodb/aggregation_cursor.js', 420, 438 ]
93 silly gunzTarPerm extractEntry lib/mongodb/cursorstream.js
94 silly gunzTarPerm modified mode [ 'lib/mongodb/cursorstream.js', 420, 438 ]
95 silly gunzTarPerm extractEntry lib/mongodb/utils.js
96 silly gunzTarPerm modified mode [ 'lib/mongodb/utils.js', 420, 438 ]
97 silly gunzTarPerm extractEntry lib/mongodb/cursor.js
98 silly gunzTarPerm modified mode [ 'lib/mongodb/cursor.js', 420, 438 ]
99 silly gunzTarPerm extractEntry lib/mongodb/connection/base.js
100 silly gunzTarPerm modified mode [ 'lib/mongodb/connection/base.js', 420, 438 ]
101 silly gunzTarPerm extractEntry lib/mongodb/connection/connection.js
102 silly gunzTarPerm modified mode [ 'lib/mongodb/connection/connection.js', 420, 438 ]
103 silly gunzTarPerm extractEntry lib/mongodb/connection/connection_pool.js
104 silly gunzTarPerm modified mode [ 'lib/mongodb/connection/connection_pool.js', 420, 438 ]
105 silly gunzTarPerm extractEntry lib/mongodb/connection/connection_utils.js
106 silly gunzTarPerm modified mode [ 'lib/mongodb/connection/connection_utils.js', 420, 438 ]
107 silly gunzTarPerm extractEntry lib/mongodb/connection/mongos.js
108 silly gunzTarPerm modified mode [ 'lib/mongodb/connection/mongos.js', 420, 438 ]
109 silly gunzTarPerm extractEntry lib/mongodb/connection/read_preference.js
110 silly gunzTarPerm modified mode [ 'lib/mongodb/connection/read_preference.js', 420, 438 ]
111 silly gunzTarPerm extractEntry lib/mongodb/connection/server.js
112 silly gunzTarPerm modified mode [ 'lib/mongodb/connection/server.js', 420, 438 ]
113 silly gunzTarPerm extractEntry lib/mongodb/connection/server_capabilities.js
114 silly gunzTarPerm modified mode [ 'lib/mongodb/connection/server_capabilities.js', 420, 438 ]
115 silly gunzTarPerm extractEntry lib/mongodb/connection/url_parser.js
116 silly gunzTarPerm modified mode [ 'lib/mongodb/connection/url_parser.js', 420, 438 ]
117 silly gunzTarPerm extractEntry lib/mongodb/connection/repl_set/ha.js
118 silly gunzTarPerm modified mode [ 'lib/mongodb/connection/repl_set/ha.js', 420, 438 ]
119 silly gunzTarPerm extractEntry lib/mongodb/connection/repl_set/options.js
120 silly gunzTarPerm modified mode [ 'lib/mongodb/connection/repl_set/options.js', 420, 438 ]
121 silly gunzTarPerm extractEntry lib/mongodb/connection/repl_set/repl_set.js
122 silly gunzTarPerm modified mode [ 'lib/mongodb/connection/repl_set/repl_set.js', 420, 438 ]
123 silly gunzTarPerm extractEntry lib/mongodb/connection/repl_set/repl_set_state.js
124 silly gunzTarPerm modified mode [ 'lib/mongodb/connection/repl_set/repl_set_state.js', 420, 438 ]
125 silly gunzTarPerm extractEntry lib/mongodb/connection/repl_set/strategies/ping_strategy.js
126 silly gunzTarPerm modified mode [ 'lib/mongodb/connection/repl_set/strategies/ping_strategy.js',
126 silly gunzTarPerm   420,
126 silly gunzTarPerm   438 ]
127 silly gunzTarPerm extractEntry lib/mongodb/connection/repl_set/strategies/statistics_strategy.js
128 silly gunzTarPerm modified mode [ 'lib/mongodb/connection/repl_set/strategies/statistics_strategy.js',
128 silly gunzTarPerm   420,
128 silly gunzTarPerm   438 ]
129 silly gunzTarPerm extractEntry lib/mongodb/gridfs/chunk.js
130 silly gunzTarPerm modified mode [ 'lib/mongodb/gridfs/chunk.js', 420, 438 ]
131 silly gunzTarPerm extractEntry lib/mongodb/gridfs/grid.js
132 silly gunzTarPerm modified mode [ 'lib/mongodb/gridfs/grid.js', 420, 438 ]
133 silly gunzTarPerm extractEntry lib/mongodb/gridfs/gridstore.js
134 silly gunzTarPerm modified mode [ 'lib/mongodb/gridfs/gridstore.js', 420, 438 ]
135 silly gunzTarPerm extractEntry lib/mongodb/gridfs/readstream.js
136 silly gunzTarPerm modified mode [ 'lib/mongodb/gridfs/readstream.js', 420, 438 ]
137 silly gunzTarPerm extractEntry lib/mongodb/commands/base_command.js
138 silly gunzTarPerm modified mode [ 'lib/mongodb/commands/base_command.js', 420, 438 ]
139 silly gunzTarPerm extractEntry lib/mongodb/commands/db_command.js
140 silly gunzTarPerm modified mode [ 'lib/mongodb/commands/db_command.js', 420, 438 ]
141 silly gunzTarPerm extractEntry lib/mongodb/commands/delete_command.js
142 silly gunzTarPerm modified mode [ 'lib/mongodb/commands/delete_command.js', 420, 438 ]
143 silly gunzTarPerm extractEntry lib/mongodb/commands/get_more_command.js
144 silly gunzTarPerm modified mode [ 'lib/mongodb/commands/get_more_command.js', 420, 438 ]
145 silly gunzTarPerm extractEntry lib/mongodb/commands/insert_command.js
146 silly gunzTarPerm modified mode [ 'lib/mongodb/commands/insert_command.js', 420, 438 ]
147 silly gunzTarPerm extractEntry lib/mongodb/commands/kill_cursor_command.js
148 silly gunzTarPerm modified mode [ 'lib/mongodb/commands/kill_cursor_command.js', 420, 438 ]
149 silly gunzTarPerm extractEntry lib/mongodb/commands/query_command.js
150 silly gunzTarPerm modified mode [ 'lib/mongodb/commands/query_command.js', 420, 438 ]
151 silly gunzTarPerm extractEntry lib/mongodb/commands/update_command.js
152 silly gunzTarPerm modified mode [ 'lib/mongodb/commands/update_command.js', 420, 438 ]
153 silly gunzTarPerm extractEntry lib/mongodb/collection/aggregation.js
154 silly gunzTarPerm modified mode [ 'lib/mongodb/collection/aggregation.js', 420, 438 ]
155 silly gunzTarPerm extractEntry lib/mongodb/collection/commands.js
156 silly gunzTarPerm modified mode [ 'lib/mongodb/collection/commands.js', 420, 438 ]
157 silly gunzTarPerm extractEntry lib/mongodb/collection/core.js
158 silly gunzTarPerm modified mode [ 'lib/mongodb/collection/core.js', 420, 438 ]
159 silly gunzTarPerm extractEntry lib/mongodb/collection/geo.js
160 silly gunzTarPerm modified mode [ 'lib/mongodb/collection/geo.js', 420, 438 ]
161 silly gunzTarPerm extractEntry lib/mongodb/collection/index.js
162 silly gunzTarPerm modified mode [ 'lib/mongodb/collection/index.js', 420, 438 ]
163 silly gunzTarPerm extractEntry lib/mongodb/collection/query.js
164 silly gunzTarPerm modified mode [ 'lib/mongodb/collection/query.js', 420, 438 ]
165 silly gunzTarPerm extractEntry lib/mongodb/collection/shared.js
166 silly gunzTarPerm modified mode [ 'lib/mongodb/collection/shared.js', 420, 438 ]
167 silly gunzTarPerm extractEntry lib/mongodb/responses/mongo_reply.js
168 silly gunzTarPerm modified mode [ 'lib/mongodb/responses/mongo_reply.js', 420, 438 ]
169 silly gunzTarPerm extractEntry lib/mongodb/auth/mongodb_cr.js
170 silly gunzTarPerm modified mode [ 'lib/mongodb/auth/mongodb_cr.js', 420, 438 ]
171 silly gunzTarPerm extractEntry lib/mongodb/auth/mongodb_gssapi.js
172 silly gunzTarPerm modified mode [ 'lib/mongodb/auth/mongodb_gssapi.js', 420, 438 ]
173 silly gunzTarPerm extractEntry lib/mongodb/auth/mongodb_plain.js
174 silly gunzTarPerm modified mode [ 'lib/mongodb/auth/mongodb_plain.js', 420, 438 ]
175 silly gunzTarPerm extractEntry lib/mongodb/auth/mongodb_sspi.js
176 silly gunzTarPerm modified mode [ 'lib/mongodb/auth/mongodb_sspi.js', 420, 438 ]
177 silly gunzTarPerm extractEntry lib/mongodb/auth/mongodb_x509.js
178 silly gunzTarPerm modified mode [ 'lib/mongodb/auth/mongodb_x509.js', 420, 438 ]
179 silly lockFile 13183fe7-m-waterbear-node-modules-mongodb tar://C:\Users\wejend\AppData\Roaming\HBuilder\userprofiles\jiangwei_163@163.com\waterbear\node_modules\mongodb
180 silly lockFile 13183fe7-m-waterbear-node-modules-mongodb tar://C:\Users\wejend\AppData\Roaming\HBuilder\userprofiles\jiangwei_163@163.com\waterbear\node_modules\mongodb
181 silly lockFile b7bbe4d1-cache-mongodb-1-3-20-package-tgz tar://C:\Users\wejend\AppData\Roaming\npm-cache\mongodb\1.3.20\package.tgz
182 silly lockFile b7bbe4d1-cache-mongodb-1-3-20-package-tgz tar://C:\Users\wejend\AppData\Roaming\npm-cache\mongodb\1.3.20\package.tgz
183 info preinstall mongodb@1.3.20
184 verbose readDependencies using package.json deps
185 verbose readDependencies using package.json deps
186 verbose cache add [ 'bson@0.2.3', null ]
187 verbose cache add name=undefined spec="bson@0.2.3" args=["bson@0.2.3",null]
188 verbose parsed url { protocol: null,
188 verbose parsed url   slashes: null,
188 verbose parsed url   auth: null,
188 verbose parsed url   host: null,
188 verbose parsed url   port: null,
188 verbose parsed url   hostname: null,
188 verbose parsed url   hash: null,
188 verbose parsed url   search: null,
188 verbose parsed url   query: null,
188 verbose parsed url   pathname: 'bson@0.2.3',
188 verbose parsed url   path: 'bson@0.2.3',
188 verbose parsed url   href: 'bson@0.2.3' }
189 verbose cache add [ 'kerberos@0.0.3', null ]
190 verbose cache add name=undefined spec="kerberos@0.0.3" args=["kerberos@0.0.3",null]
191 verbose parsed url { protocol: null,
191 verbose parsed url   slashes: null,
191 verbose parsed url   auth: null,
191 verbose parsed url   host: null,
191 verbose parsed url   port: null,
191 verbose parsed url   hostname: null,
191 verbose parsed url   hash: null,
191 verbose parsed url   search: null,
191 verbose parsed url   query: null,
191 verbose parsed url   pathname: 'kerberos@0.0.3',
191 verbose parsed url   path: 'kerberos@0.0.3',
191 verbose parsed url   href: 'kerberos@0.0.3' }
192 verbose cache add name="bson" spec="0.2.3" args=["bson","0.2.3"]
193 verbose parsed url { protocol: null,
193 verbose parsed url   slashes: null,
193 verbose parsed url   auth: null,
193 verbose parsed url   host: null,
193 verbose parsed url   port: null,
193 verbose parsed url   hostname: null,
193 verbose parsed url   hash: null,
193 verbose parsed url   search: null,
193 verbose parsed url   query: null,
193 verbose parsed url   pathname: '0.2.3',
193 verbose parsed url   path: '0.2.3',
193 verbose parsed url   href: '0.2.3' }
194 verbose addNamed [ 'bson', '0.2.3' ]
195 verbose addNamed [ '0.2.3', '0.2.3' ]
196 silly lockFile 248e41c8-bson-0-2-3 bson@0.2.3
197 verbose lock bson@0.2.3 C:\Users\wejend\AppData\Roaming\npm-cache\248e41c8-bson-0-2-3.lock
198 verbose cache add name="kerberos" spec="0.0.3" args=["kerberos","0.0.3"]
199 verbose parsed url { protocol: null,
199 verbose parsed url   slashes: null,
199 verbose parsed url   auth: null,
199 verbose parsed url   host: null,
199 verbose parsed url   port: null,
199 verbose parsed url   hostname: null,
199 verbose parsed url   hash: null,
199 verbose parsed url   search: null,
199 verbose parsed url   query: null,
199 verbose parsed url   pathname: '0.0.3',
199 verbose parsed url   path: '0.0.3',
199 verbose parsed url   href: '0.0.3' }
200 verbose addNamed [ 'kerberos', '0.0.3' ]
201 verbose addNamed [ '0.0.3', '0.0.3' ]
202 silly lockFile fba4e7a6-kerberos-0-0-3 kerberos@0.0.3
203 verbose lock kerberos@0.0.3 C:\Users\wejend\AppData\Roaming\npm-cache\fba4e7a6-kerberos-0-0-3.lock
204 verbose request where is /kerberos
205 verbose request registry https://registry.npmjs.org/
206 verbose url raw /kerberos
207 verbose url resolving [ 'https://registry.npmjs.org/', './kerberos' ]
208 verbose url resolved https://registry.npmjs.org/kerberos
209 verbose request where is https://registry.npmjs.org/kerberos
210 info trying registry request attempt 1 at 17:35:36
211 verbose etag "7Z7NHQVB0CP5VPXQI04LYQBZB"
212 http GET https://registry.npmjs.org/kerberos
213 verbose request where is /bson
214 verbose request registry https://registry.npmjs.org/
215 verbose url raw /bson
216 verbose url resolving [ 'https://registry.npmjs.org/', './bson' ]
217 verbose url resolved https://registry.npmjs.org/bson
218 verbose request where is https://registry.npmjs.org/bson
219 info trying registry request attempt 1 at 17:35:36
220 verbose etag "9RN1J29F3TPONMP2HF0V9QY6K"
221 http GET https://registry.npmjs.org/bson
222 http 304 https://registry.npmjs.org/kerberos
223 silly registry.get cb [ 304,
223 silly registry.get   { date: 'Sat, 10 Jan 2015 09:35:34 GMT',
223 silly registry.get     server: 'Apache',
223 silly registry.get     via: '1.1 varnish',
223 silly registry.get     'last-modified': 'Sat, 10 Jan 2015 09:35:34 GMT',
223 silly registry.get     'cache-control': 'max-age=60',
223 silly registry.get     etag: '"7Z7NHQVB0CP5VPXQI04LYQBZB"',
223 silly registry.get     age: '0',
223 silly registry.get     'x-served-by': 'cache-ty66-TYO',
223 silly registry.get     'x-cache': 'HIT',
223 silly registry.get     'x-cache-hits': '1',
223 silly registry.get     'x-timer': 'S1420882534.829126,VS0,VE120',
223 silly registry.get     vary: 'Accept',
223 silly registry.get     'content-length': '0',
223 silly registry.get     'keep-alive': 'timeout=10, max=50',
223 silly registry.get     connection: 'Keep-Alive' } ]
224 verbose etag https://registry.npmjs.org/kerberos from cache
225 silly lockFile fba4e7a6-kerberos-0-0-3 kerberos@0.0.3
226 silly lockFile fba4e7a6-kerberos-0-0-3 kerberos@0.0.3
227 http 304 https://registry.npmjs.org/bson
228 silly registry.get cb [ 304,
228 silly registry.get   { date: 'Sat, 10 Jan 2015 09:35:35 GMT',
228 silly registry.get     server: 'Apache',
228 silly registry.get     via: '1.1 varnish',
228 silly registry.get     'last-modified': 'Sat, 10 Jan 2015 09:27:08 GMT',
228 silly registry.get     'cache-control': 'max-age=60',
228 silly registry.get     etag: '"9RN1J29F3TPONMP2HF0V9QY6K"',
228 silly registry.get     age: '7',
228 silly registry.get     'x-served-by': 'cache-ty66-TYO',
228 silly registry.get     'x-cache': 'HIT',
228 silly registry.get     'x-cache-hits': '2',
228 silly registry.get     'x-timer': 'S1420882535.515198,VS0,VE0',
228 silly registry.get     vary: 'Accept',
228 silly registry.get     'content-length': '0',
228 silly registry.get     'keep-alive': 'timeout=10, max=50',
228 silly registry.get     connection: 'Keep-Alive' } ]
229 verbose etag https://registry.npmjs.org/bson from cache
230 silly lockFile 248e41c8-bson-0-2-3 bson@0.2.3
231 silly lockFile 248e41c8-bson-0-2-3 bson@0.2.3
232 silly resolved [ { name: 'kerberos',
232 silly resolved     version: '0.0.3',
232 silly resolved     description: 'Kerberos library for Node.js',
232 silly resolved     main: 'index.js',
232 silly resolved     scripts:
232 silly resolved      { install: '(node-gyp rebuild 2> builderror.log) || (exit 0)',
232 silly resolved        test: 'nodeunit ./test' },
232 silly resolved     repository: { type: 'git', url: 'https://github.com/christkv/kerberos.git' },
232 silly resolved     keywords: [ 'kerberos', 'security', 'authentication' ],
232 silly resolved     devDependencies: { nodeunit: 'latest' },
232 silly resolved     author: { name: 'Christian Amor Kvalheim' },
232 silly resolved     license: 'Apache 2.0',
232 silly resolved     gitHead: 'bb01d4fe322e022999aca19da564e7d9db59a8ed',
232 silly resolved     bugs: { url: 'https://github.com/christkv/kerberos/issues' },
232 silly resolved     _id: 'kerberos@0.0.3',
232 silly resolved     dist:
232 silly resolved      { shasum: '4285d92a0748db2784062f5adcec9f5956cb818a',
232 silly resolved        tarball: 'http://registry.npmjs.org/kerberos/-/kerberos-0.0.3.tgz' },
232 silly resolved     _from: 'kerberos@0.0.3',
232 silly resolved     _npmVersion: '1.3.5',
232 silly resolved     _npmUser: { name: 'christkv', email: 'christkv@gmail.com' },
232 silly resolved     maintainers: [ [Object] ],
232 silly resolved     directories: {},
232 silly resolved     _shasum: '4285d92a0748db2784062f5adcec9f5956cb818a',
232 silly resolved     _resolved: 'https://registry.npmjs.org/kerberos/-/kerberos-0.0.3.tgz',
232 silly resolved     readme: 'ERROR: No README data found!',
232 silly resolved     homepage: 'https://github.com/christkv/kerberos' },
232 silly resolved   { name: 'bson',
232 silly resolved     description: 'A bson parser for node.js and the browser',
232 silly resolved     keywords: [ 'mongodb', 'bson', 'parser' ],
232 silly resolved     version: '0.2.3',
232 silly resolved     author: { name: 'Christian Amor Kvalheim', email: 'christkv@gmail.com' },
232 silly resolved     contributors: [],
232 silly resolved     repository: { type: 'git', url: 'git://github.com/mongodb/js-bson.git' },
232 silly resolved     bugs: { url: 'https://github.com/mongodb/js-bson/issues' },
232 silly resolved     dependencies: { nan: '~0.4.1' },
232 silly resolved     devDependencies: { nodeunit: '0.7.3', gleak: '0.2.3', one: '2.X.X' },
232 silly resolved     config: { native: false },
232 silly resolved     main: './lib/bson/index',
232 silly resolved     directories: { lib: './lib/bson' },
232 silly resolved     engines: { node: '>=0.6.19' },
232 silly resolved     scripts:
232 silly resolved      { install: '(node-gyp rebuild 2> builderror.log) || (exit 0)',
232 silly resolved        test: 'nodeunit ./test/node && TEST_NATIVE=TRUE nodeunit ./test/node' },
232 silly resolved     browser: 'lib/bson/bson.js',
232 silly resolved     licenses: [ [Object] ],
232 silly resolved     _id: 'bson@0.2.3',
232 silly resolved     dist:
232 silly resolved      { shasum: '7651d2c4ec7cb90d10b5de0ef61663273b784839',
232 silly resolved        tarball: 'http://registry.npmjs.org/bson/-/bson-0.2.3.tgz' },
232 silly resolved     _from: 'bson@0.2.3',
232 silly resolved     _npmVersion: '1.3.5',
232 silly resolved     _npmUser: { name: 'christkv', email: 'christkv@gmail.com' },
232 silly resolved     maintainers: [ [Object], [Object] ],
232 silly resolved     _shasum: '7651d2c4ec7cb90d10b5de0ef61663273b784839',
232 silly resolved     _resolved: 'https://registry.npmjs.org/bson/-/bson-0.2.3.tgz',
232 silly resolved     readme: 'ERROR: No README data found!',
232 silly resolved     homepage: 'https://github.com/mongodb/js-bson' } ]
233 info install kerberos@0.0.3 into C:\Users\wejend\AppData\Roaming\HBuilder\userprofiles\jiangwei_163@163.com\waterbear\node_modules\mongodb
234 info install bson@0.2.3 into C:\Users\wejend\AppData\Roaming\HBuilder\userprofiles\jiangwei_163@163.com\waterbear\node_modules\mongodb
235 info installOne kerberos@0.0.3
236 info installOne bson@0.2.3
237 verbose node_modules\mongodb\node_modules\kerberos unbuild
238 verbose node_modules\mongodb\node_modules\bson unbuild
239 verbose tar unpack C:\Users\wejend\AppData\Roaming\npm-cache\kerberos\0.0.3\package.tgz
240 silly lockFile 6874293d-es-mongodb-node-modules-kerberos tar://C:\Users\wejend\AppData\Roaming\HBuilder\userprofiles\jiangwei_163@163.com\waterbear\node_modules\mongodb\node_modules\kerberos
241 verbose lock tar://C:\Users\wejend\AppData\Roaming\HBuilder\userprofiles\jiangwei_163@163.com\waterbear\node_modules\mongodb\node_modules\kerberos C:\Users\wejend\AppData\Roaming\npm-cache\6874293d-es-mongodb-node-modules-kerberos.lock
242 silly lockFile a27d0390-cache-kerberos-0-0-3-package-tgz tar://C:\Users\wejend\AppData\Roaming\npm-cache\kerberos\0.0.3\package.tgz
243 verbose lock tar://C:\Users\wejend\AppData\Roaming\npm-cache\kerberos\0.0.3\package.tgz C:\Users\wejend\AppData\Roaming\npm-cache\a27d0390-cache-kerberos-0-0-3-package-tgz.lock
244 verbose tar unpack C:\Users\wejend\AppData\Roaming\npm-cache\bson\0.2.3\package.tgz
245 silly lockFile 0908cfe7-odules-mongodb-node-modules-bson tar://C:\Users\wejend\AppData\Roaming\HBuilder\userprofiles\jiangwei_163@163.com\waterbear\node_modules\mongodb\node_modules\bson
246 verbose lock tar://C:\Users\wejend\AppData\Roaming\HBuilder\userprofiles\jiangwei_163@163.com\waterbear\node_modules\mongodb\node_modules\bson C:\Users\wejend\AppData\Roaming\npm-cache\0908cfe7-odules-mongodb-node-modules-bson.lock
247 silly lockFile becbbdd0-npm-cache-bson-0-2-3-package-tgz tar://C:\Users\wejend\AppData\Roaming\npm-cache\bson\0.2.3\package.tgz
248 verbose lock tar://C:\Users\wejend\AppData\Roaming\npm-cache\bson\0.2.3\package.tgz C:\Users\wejend\AppData\Roaming\npm-cache\becbbdd0-npm-cache-bson-0-2-3-package-tgz.lock
249 silly gunzTarPerm modes [ '777', '666' ]
250 silly gunzTarPerm modes [ '777', '666' ]
251 silly gunzTarPerm extractEntry package.json
252 silly gunzTarPerm modified mode [ 'package.json', 420, 438 ]
253 silly gunzTarPerm extractEntry README.md
254 silly gunzTarPerm modified mode [ 'README.md', 420, 438 ]
255 silly gunzTarPerm extractEntry build_browser.js
256 silly gunzTarPerm modified mode [ 'build_browser.js', 420, 438 ]
257 silly gunzTarPerm extractEntry binding.gyp
258 silly gunzTarPerm modified mode [ 'binding.gyp', 420, 438 ]
259 silly gunzTarPerm extractEntry browser_build/package.json
260 silly gunzTarPerm modified mode [ 'browser_build/package.json', 420, 438 ]
261 silly gunzTarPerm extractEntry browser_build/bson.js
262 silly gunzTarPerm modified mode [ 'browser_build/bson.js', 420, 438 ]
263 silly gunzTarPerm extractEntry build/Makefile
264 silly gunzTarPerm modified mode [ 'build/Makefile', 420, 438 ]
265 silly gunzTarPerm extractEntry build/Release/.deps/Release/bson.node.d
266 silly gunzTarPerm modified mode [ 'build/Release/.deps/Release/bson.node.d', 420, 438 ]
267 silly gunzTarPerm extractEntry build/Release/.deps/Release/obj.target/bson/ext/bson.o.d
268 silly gunzTarPerm modified mode [ 'build/Release/.deps/Release/obj.target/bson/ext/bson.o.d',
268 silly gunzTarPerm   420,
268 silly gunzTarPerm   438 ]
269 silly gunzTarPerm extractEntry build/Release/bson.node
270 silly gunzTarPerm modified mode [ 'build/Release/bson.node', 493, 511 ]
271 silly gunzTarPerm extractEntry build/Release/linker.lock
272 silly gunzTarPerm modified mode [ 'build/Release/linker.lock', 420, 438 ]
273 silly gunzTarPerm extractEntry package.json
274 silly gunzTarPerm modified mode [ 'package.json', 420, 438 ]
275 silly gunzTarPerm extractEntry README.md
276 silly gunzTarPerm modified mode [ 'README.md', 420, 438 ]
277 silly gunzTarPerm extractEntry LICENSE
278 silly gunzTarPerm modified mode [ 'LICENSE', 420, 438 ]
279 silly gunzTarPerm extractEntry index.js
280 silly gunzTarPerm modified mode [ 'index.js', 420, 438 ]
281 silly gunzTarPerm extractEntry binding.gyp
282 silly gunzTarPerm modified mode [ 'binding.gyp', 420, 438 ]
283 silly gunzTarPerm extractEntry build/Release/obj.target/bson/ext/bson.o
284 silly gunzTarPerm modified mode [ 'build/Release/obj.target/bson/ext/bson.o', 420, 438 ]
285 silly gunzTarPerm extractEntry lib/kerberos.js
286 silly gunzTarPerm modified mode [ 'lib/kerberos.js', 420, 438 ]
287 silly gunzTarPerm extractEntry lib/sspi.js
288 silly gunzTarPerm modified mode [ 'lib/sspi.js', 420, 438 ]
289 silly gunzTarPerm extractEntry lib/kerberos_context.h
290 silly gunzTarPerm modified mode [ 'lib/kerberos_context.h', 420, 438 ]
291 silly gunzTarPerm extractEntry build/binding.Makefile
292 silly gunzTarPerm modified mode [ 'build/binding.Makefile', 420, 438 ]
293 silly gunzTarPerm extractEntry lib/kerberos.cc
294 silly gunzTarPerm modified mode [ 'lib/kerberos.cc', 420, 438 ]
295 silly gunzTarPerm extractEntry lib/kerberos.h
296 silly gunzTarPerm modified mode [ 'lib/kerberos.h', 420, 438 ]
297 silly gunzTarPerm extractEntry build/bson.target.mk
298 silly gunzTarPerm modified mode [ 'build/bson.target.mk', 420, 438 ]
299 silly gunzTarPerm extractEntry build/config.gypi
300 silly gunzTarPerm modified mode [ 'build/config.gypi', 420, 438 ]
301 silly gunzTarPerm extractEntry build/gyp-mac-tool
302 silly gunzTarPerm modified mode [ 'build/gyp-mac-tool', 493, 511 ]
303 silly gunzTarPerm extractEntry lib/auth_processes/mongodb.js
304 silly gunzTarPerm modified mode [ 'lib/auth_processes/mongodb.js', 420, 438 ]
305 silly gunzTarPerm extractEntry lib/kerberos_context.cc
306 silly gunzTarPerm modified mode [ 'lib/kerberos_context.cc', 420, 438 ]
307 silly gunzTarPerm extractEntry Makefile
308 silly gunzTarPerm modified mode [ 'Makefile', 420, 438 ]
309 silly gunzTarPerm extractEntry builderror.log
310 silly gunzTarPerm modified mode [ 'builderror.log', 420, 438 ]
311 silly gunzTarPerm extractEntry lib/base64.c
312 silly gunzTarPerm modified mode [ 'lib/base64.c', 420, 438 ]
313 silly gunzTarPerm extractEntry lib/kerberosgss.c
314 silly gunzTarPerm modified mode [ 'lib/kerberosgss.c', 420, 438 ]
315 silly gunzTarPerm extractEntry ext/index.js
316 silly gunzTarPerm modified mode [ 'ext/index.js', 420, 438 ]
317 silly gunzTarPerm extractEntry ext/Makefile
318 silly gunzTarPerm modified mode [ 'ext/Makefile', 420, 438 ]
319 silly gunzTarPerm extractEntry lib/kerberosgss.h
320 silly gunzTarPerm modified mode [ 'lib/kerberosgss.h', 420, 438 ]
321 silly gunzTarPerm extractEntry lib/base64.h
322 silly gunzTarPerm modified mode [ 'lib/base64.h', 420, 438 ]
323 silly gunzTarPerm extractEntry ext/bson.cc
324 silly gunzTarPerm modified mode [ 'ext/bson.cc', 420, 438 ]
325 silly gunzTarPerm extractEntry ext/bson.h
326 silly gunzTarPerm modified mode [ 'ext/bson.h', 420, 438 ]
327 silly gunzTarPerm extractEntry lib/win32/base64.c
328 silly gunzTarPerm modified mode [ 'lib/win32/base64.c', 420, 438 ]
329 silly gunzTarPerm extractEntry lib/win32/base64.h
330 silly gunzTarPerm modified mode [ 'lib/win32/base64.h', 420, 438 ]
331 silly gunzTarPerm extractEntry lib/win32/kerberos.cc
332 silly gunzTarPerm modified mode [ 'lib/win32/kerberos.cc', 420, 438 ]
333 silly gunzTarPerm extractEntry lib/win32/kerberos.h
334 silly gunzTarPerm modified mode [ 'lib/win32/kerberos.h', 420, 438 ]
335 silly gunzTarPerm extractEntry ext/win32/ia32/bson.node
336 silly gunzTarPerm modified mode [ 'ext/win32/ia32/bson.node', 420, 438 ]
337 silly gunzTarPerm extractEntry lib/win32/kerberos_sspi.c
338 silly gunzTarPerm modified mode [ 'lib/win32/kerberos_sspi.c', 420, 438 ]
339 silly gunzTarPerm extractEntry lib/win32/kerberos_sspi.h
340 silly gunzTarPerm modified mode [ 'lib/win32/kerberos_sspi.h', 420, 438 ]
341 silly gunzTarPerm extractEntry ext/win32/x64/bson.node
342 silly gunzTarPerm modified mode [ 'ext/win32/x64/bson.node', 420, 438 ]
343 silly gunzTarPerm extractEntry ext/wscript
344 silly gunzTarPerm modified mode [ 'ext/wscript', 420, 438 ]
345 silly gunzTarPerm extractEntry lib/bson/binary.js
346 silly gunzTarPerm modified mode [ 'lib/bson/binary.js', 420, 438 ]
347 silly gunzTarPerm extractEntry lib/bson/code.js
348 silly gunzTarPerm modified mode [ 'lib/bson/code.js', 420, 438 ]
349 silly gunzTarPerm extractEntry lib/bson/db_ref.js
350 silly gunzTarPerm modified mode [ 'lib/bson/db_ref.js', 420, 438 ]
351 silly gunzTarPerm extractEntry lib/bson/double.js
352 silly gunzTarPerm modified mode [ 'lib/bson/double.js', 420, 438 ]
353 silly gunzTarPerm extractEntry lib/bson/float_parser.js
354 silly gunzTarPerm modified mode [ 'lib/bson/float_parser.js', 420, 438 ]
355 silly gunzTarPerm extractEntry lib/bson/bson.js
356 silly gunzTarPerm modified mode [ 'lib/bson/bson.js', 420, 438 ]
357 silly gunzTarPerm extractEntry lib/bson/long.js
358 silly gunzTarPerm modified mode [ 'lib/bson/long.js', 420, 438 ]
359 silly gunzTarPerm extractEntry lib/bson/max_key.js
360 silly gunzTarPerm modified mode [ 'lib/bson/max_key.js', 420, 438 ]
361 silly gunzTarPerm extractEntry lib/win32/worker.cc
362 silly gunzTarPerm modified mode [ 'lib/win32/worker.cc', 420, 438 ]
363 silly gunzTarPerm extractEntry lib/win32/worker.h
364 silly gunzTarPerm modified mode [ 'lib/win32/worker.h', 420, 438 ]
365 silly gunzTarPerm extractEntry lib/win32/wrappers/security_credentials.js
366 silly gunzTarPerm modified mode [ 'lib/win32/wrappers/security_credentials.js', 420, 438 ]
367 silly gunzTarPerm extractEntry lib/win32/wrappers/security_buffer.js
368 silly gunzTarPerm modified mode [ 'lib/win32/wrappers/security_buffer.js', 420, 438 ]
369 silly gunzTarPerm extractEntry lib/bson/min_key.js
370 silly gunzTarPerm modified mode [ 'lib/bson/min_key.js', 420, 438 ]
371 silly gunzTarPerm extractEntry lib/bson/objectid.js
372 silly gunzTarPerm modified mode [ 'lib/bson/objectid.js', 420, 438 ]
373 silly gunzTarPerm extractEntry lib/bson/symbol.js
374 silly gunzTarPerm modified mode [ 'lib/bson/symbol.js', 420, 438 ]
375 silly gunzTarPerm extractEntry lib/bson/binary_parser.js
376 silly gunzTarPerm modified mode [ 'lib/bson/binary_parser.js', 420, 438 ]
377 silly gunzTarPerm extractEntry lib/win32/wrappers/security_buffer_descriptor.js
378 silly gunzTarPerm modified mode [ 'lib/win32/wrappers/security_buffer_descriptor.js', 420, 438 ]
379 silly gunzTarPerm extractEntry lib/win32/wrappers/security_context.js
380 silly gunzTarPerm modified mode [ 'lib/win32/wrappers/security_context.js', 420, 438 ]
381 silly gunzTarPerm extractEntry lib/bson/timestamp.js
382 silly gunzTarPerm modified mode [ 'lib/bson/timestamp.js', 420, 438 ]
383 silly gunzTarPerm extractEntry lib/bson/index.js
384 silly gunzTarPerm modified mode [ 'lib/bson/index.js', 420, 438 ]
385 silly gunzTarPerm extractEntry .travis.yml
386 silly gunzTarPerm modified mode [ '.travis.yml', 420, 438 ]
387 silly gunzTarPerm extractEntry lib/win32/wrappers/security_buffer_descriptor.h
388 silly gunzTarPerm modified mode [ 'lib/win32/wrappers/security_buffer_descriptor.h', 420, 438 ]
389 silly gunzTarPerm extractEntry lib/win32/wrappers/security_buffer.cc
390 silly gunzTarPerm modified mode [ 'lib/win32/wrappers/security_buffer.cc', 420, 438 ]
391 silly gunzTarPerm extractEntry lib/win32/wrappers/security_buffer.h
392 silly gunzTarPerm modified mode [ 'lib/win32/wrappers/security_buffer.h', 420, 438 ]
393 silly gunzTarPerm extractEntry tools/gleak.js
394 silly gunzTarPerm modified mode [ 'tools/gleak.js', 420, 438 ]
395 silly gunzTarPerm extractEntry lib/win32/wrappers/security_context.h
396 silly gunzTarPerm modified mode [ 'lib/win32/wrappers/security_context.h', 420, 438 ]
397 silly gunzTarPerm extractEntry tools/jasmine-1.1.0/jasmine-html.js
398 silly gunzTarPerm modified mode [ 'tools/jasmine-1.1.0/jasmine-html.js', 420, 438 ]
399 silly gunzTarPerm extractEntry tools/jasmine-1.1.0/jasmine.js
400 silly gunzTarPerm modified mode [ 'tools/jasmine-1.1.0/jasmine.js', 420, 438 ]
401 silly gunzTarPerm extractEntry lib/win32/wrappers/security_buffer_descriptor.cc
402 silly gunzTarPerm modified mode [ 'lib/win32/wrappers/security_buffer_descriptor.cc', 420, 438 ]
403 silly gunzTarPerm extractEntry lib/win32/wrappers/security_credentials.cc
404 silly gunzTarPerm modified mode [ 'lib/win32/wrappers/security_credentials.cc', 420, 438 ]
405 silly gunzTarPerm extractEntry tools/jasmine-1.1.0/MIT.LICENSE
406 silly gunzTarPerm modified mode [ 'tools/jasmine-1.1.0/MIT.LICENSE', 420, 438 ]
407 silly gunzTarPerm extractEntry lib/win32/wrappers/security_credentials.h
408 silly gunzTarPerm modified mode [ 'lib/win32/wrappers/security_credentials.h', 420, 438 ]
409 silly gunzTarPerm extractEntry lib/win32/wrappers/security_context.cc
410 silly gunzTarPerm modified mode [ 'lib/win32/wrappers/security_context.cc', 420, 438 ]
411 silly gunzTarPerm extractEntry tools/jasmine-1.1.0/jasmine.css
412 silly gunzTarPerm modified mode [ 'tools/jasmine-1.1.0/jasmine.css', 420, 438 ]
413 silly gunzTarPerm extractEntry tools/jasmine-1.1.0/jasmine_favicon.png
414 silly gunzTarPerm modified mode [ 'tools/jasmine-1.1.0/jasmine_favicon.png', 420, 438 ]
415 silly gunzTarPerm extractEntry lib/worker.cc
416 silly gunzTarPerm modified mode [ 'lib/worker.cc', 420, 438 ]
417 silly gunzTarPerm extractEntry lib/worker.h
418 silly gunzTarPerm modified mode [ 'lib/worker.h', 420, 438 ]
419 silly gunzTarPerm extractEntry test/kerberos_tests.js
420 silly gunzTarPerm modified mode [ 'test/kerberos_tests.js', 420, 438 ]
421 silly gunzTarPerm extractEntry test/kerberos_win32_test.js
422 silly gunzTarPerm modified mode [ 'test/kerberos_win32_test.js', 420, 438 ]
423 silly gunzTarPerm extractEntry test/win32/security_buffer_descriptor_tests.js
424 silly gunzTarPerm modified mode [ 'test/win32/security_buffer_descriptor_tests.js', 420, 438 ]
425 silly gunzTarPerm extractEntry test/win32/security_buffer_tests.js
426 silly gunzTarPerm modified mode [ 'test/win32/security_buffer_tests.js', 420, 438 ]
427 silly gunzTarPerm extractEntry test/win32/security_credentials_tests.js
428 silly gunzTarPerm modified mode [ 'test/win32/security_credentials_tests.js', 420, 438 ]
429 silly lockFile 6874293d-es-mongodb-node-modules-kerberos tar://C:\Users\wejend\AppData\Roaming\HBuilder\userprofiles\jiangwei_163@163.com\waterbear\node_modules\mongodb\node_modules\kerberos
430 silly lockFile 6874293d-es-mongodb-node-modules-kerberos tar://C:\Users\wejend\AppData\Roaming\HBuilder\userprofiles\jiangwei_163@163.com\waterbear\node_modules\mongodb\node_modules\kerberos
431 silly lockFile a27d0390-cache-kerberos-0-0-3-package-tgz tar://C:\Users\wejend\AppData\Roaming\npm-cache\kerberos\0.0.3\package.tgz
432 silly lockFile a27d0390-cache-kerberos-0-0-3-package-tgz tar://C:\Users\wejend\AppData\Roaming\npm-cache\kerberos\0.0.3\package.tgz
433 info preinstall kerberos@0.0.3
434 verbose readDependencies using package.json deps
435 verbose readDependencies using package.json deps
436 silly resolved []
437 verbose about to build C:\Users\wejend\AppData\Roaming\HBuilder\userprofiles\jiangwei_163@163.com\waterbear\node_modules\mongodb\node_modules\kerberos
438 info build C:\Users\wejend\AppData\Roaming\HBuilder\userprofiles\jiangwei_163@163.com\waterbear\node_modules\mongodb\node_modules\kerberos
439 verbose linkStuff [ false,
439 verbose linkStuff   false,
439 verbose linkStuff   false,
439 verbose linkStuff   'C:\\Users\\wejend\\AppData\\Roaming\\HBuilder\\userprofiles\\jiangwei_163@163.com\\waterbear\\node_modules\\mongodb\\node_modules' ]
440 info linkStuff kerberos@0.0.3
441 verbose linkBins kerberos@0.0.3
442 verbose linkMans kerberos@0.0.3
443 verbose rebuildBundles kerberos@0.0.3
444 info install kerberos@0.0.3
445 verbose unsafe-perm in lifecycle true
446 error Error: spawn ENOENT
446 error     at errnoException (child_process.js:1001:11)
446 error     at Process.ChildProcess._handle.onexit (child_process.js:792:34)
447 error If you need help, you may report this *entire* log,
447 error including the npm and node versions, at:
447 error     <http://github.com/npm/npm/issues>
448 error System Windows_NT 6.1.7601
449 error command "C:\\Program Files\\nodejs\\\\node.exe" "C:\\Program Files\\nodejs\\node_modules\\npm\\bin\\npm-cli.js" "install"
450 error cwd C:\Users\wejend\AppData\Roaming\HBuilder\userprofiles\jiangwei_163@163.com\waterbear
451 error node -v v0.10.31
452 error npm -v 1.4.23
453 error syscall spawn
454 error code ENOENT
455 error errno ENOENT
456 verbose exit [ 1, true ]
